
**** Build of configuration Debug for project 20P01DefaultPrj ****

"C:\\ti\\ccs901\\ccs\\utils\\bin\\gmake" -k -j 4 all -O 
 
Building file: "../user_init/InitGPIO.c"
Invoking: ARM Compiler
"C:/ti/ccs901/ccs/tools/compiler/ti-cgt-arm_18.12.4.LTS/bin/armcl" -mv7M4 --code_state=16 --float_support=FPv4SPD16 -me --include_path="E:/vu.t.linh204.work GD/Lop Anh Tuan/Microcontroller/Code Composer Studio/Board tm4c/20P01DefaultPrj" --include_path="C:/ti/TivaWare_C_Series-2.1.4.178" --include_path="C:/ti/ccs901/ccs/tools/compiler/ti-cgt-arm_18.12.4.LTS/include" --advice:power="4" --define=ccs="ccs" --define=PART_TM4C123GH6PM -g --gcc --diag_warning=225 --diag_wrap=off --display_error_number --abi=eabi --preproc_with_compile --preproc_dependency="user_init/InitGPIO.d_raw" --include_path="E:/vu.t.linh204.work GD/Lop Anh Tuan/Microcontroller/Code Composer Studio/Board tm4c/20P01DefaultPrj/Debug/syscfg" --obj_directory="user_init"  "../user_init/InitGPIO.c"
Finished building: "../user_init/InitGPIO.c"
 
Building file: "../user_init/InitFPU.c"
Invoking: ARM Compiler
"C:/ti/ccs901/ccs/tools/compiler/ti-cgt-arm_18.12.4.LTS/bin/armcl" -mv7M4 --code_state=16 --float_support=FPv4SPD16 -me --include_path="E:/vu.t.linh204.work GD/Lop Anh Tuan/Microcontroller/Code Composer Studio/Board tm4c/20P01DefaultPrj" --include_path="C:/ti/TivaWare_C_Series-2.1.4.178" --include_path="C:/ti/ccs901/ccs/tools/compiler/ti-cgt-arm_18.12.4.LTS/include" --advice:power="4" --define=ccs="ccs" --define=PART_TM4C123GH6PM -g --gcc --diag_warning=225 --diag_wrap=off --display_error_number --abi=eabi --preproc_with_compile --preproc_dependency="user_init/InitFPU.d_raw" --include_path="E:/vu.t.linh204.work GD/Lop Anh Tuan/Microcontroller/Code Composer Studio/Board tm4c/20P01DefaultPrj/Debug/syscfg" --obj_directory="user_init"  "../user_init/InitFPU.c"
Finished building: "../user_init/InitFPU.c"
 
Building file: "../user_init/InitADC.c"
Invoking: ARM Compiler
"C:/ti/ccs901/ccs/tools/compiler/ti-cgt-arm_18.12.4.LTS/bin/armcl" -mv7M4 --code_state=16 --float_support=FPv4SPD16 -me --include_path="E:/vu.t.linh204.work GD/Lop Anh Tuan/Microcontroller/Code Composer Studio/Board tm4c/20P01DefaultPrj" --include_path="C:/ti/TivaWare_C_Series-2.1.4.178" --include_path="C:/ti/ccs901/ccs/tools/compiler/ti-cgt-arm_18.12.4.LTS/include" --advice:power="4" --define=ccs="ccs" --define=PART_TM4C123GH6PM -g --gcc --diag_warning=225 --diag_wrap=off --display_error_number --abi=eabi --preproc_with_compile --preproc_dependency="user_init/InitADC.d_raw" --include_path="E:/vu.t.linh204.work GD/Lop Anh Tuan/Microcontroller/Code Composer Studio/Board tm4c/20P01DefaultPrj/Debug/syscfg" --obj_directory="user_init"  "../user_init/InitADC.c"
Finished building: "../user_init/InitADC.c"
 
Building file: "../main.c"
Invoking: ARM Compiler
"C:/ti/ccs901/ccs/tools/compiler/ti-cgt-arm_18.12.4.LTS/bin/armcl" -mv7M4 --code_state=16 --float_support=FPv4SPD16 -me --include_path="E:/vu.t.linh204.work GD/Lop Anh Tuan/Microcontroller/Code Composer Studio/Board tm4c/20P01DefaultPrj" --include_path="E:/vu.t.linh204.work GD/Lop Anh Tuan/Microcontroller/Code Composer Studio/Board tm4c/user_init" --include_path="C:/ti/TivaWare_C_Series-2.1.4.178" --include_path="C:/ti/ccs901/ccs/tools/compiler/ti-cgt-arm_18.12.4.LTS/include" --advice:power="4" --define=ccs="ccs" --define=PART_TM4C123GH6PM -g --gcc --diag_warning=225 --diag_wrap=off --display_error_number --abi=eabi --preproc_with_compile --preproc_dependency="main.d_raw" --include_path="E:/vu.t.linh204.work GD/Lop Anh Tuan/Microcontroller/Code Composer Studio/Board tm4c/20P01DefaultPrj/Debug/syscfg"  "../main.c"
Finished building: "../main.c"
 
Building file: "../user_init/InitI2C.c"
Invoking: ARM Compiler
"C:/ti/ccs901/ccs/tools/compiler/ti-cgt-arm_18.12.4.LTS/bin/armcl" -mv7M4 --code_state=16 --float_support=FPv4SPD16 -me --include_path="E:/vu.t.linh204.work GD/Lop Anh Tuan/Microcontroller/Code Composer Studio/Board tm4c/20P01DefaultPrj" --include_path="C:/ti/TivaWare_C_Series-2.1.4.178" --include_path="C:/ti/ccs901/ccs/tools/compiler/ti-cgt-arm_18.12.4.LTS/include" --advice:power="4" --define=ccs="ccs" --define=PART_TM4C123GH6PM -g --gcc --diag_warning=225 --diag_wrap=off --display_error_number --abi=eabi --preproc_with_compile --preproc_dependency="user_init/InitI2C.d_raw" --include_path="E:/vu.t.linh204.work GD/Lop Anh Tuan/Microcontroller/Code Composer Studio/Board tm4c/20P01DefaultPrj/Debug/syscfg" --obj_directory="user_init"  "../user_init/InitI2C.c"
Finished building: "../user_init/InitI2C.c"
 
Building file: "../user_init/InitPWM.c"
Invoking: ARM Compiler
"C:/ti/ccs901/ccs/tools/compiler/ti-cgt-arm_18.12.4.LTS/bin/armcl" -mv7M4 --code_state=16 --float_support=FPv4SPD16 -me --include_path="E:/vu.t.linh204.work GD/Lop Anh Tuan/Microcontroller/Code Composer Studio/Board tm4c/20P01DefaultPrj" --include_path="C:/ti/TivaWare_C_Series-2.1.4.178" --include_path="C:/ti/ccs901/ccs/tools/compiler/ti-cgt-arm_18.12.4.LTS/include" --advice:power="4" --define=ccs="ccs" --define=PART_TM4C123GH6PM -g --gcc --diag_warning=225 --diag_wrap=off --display_error_number --abi=eabi --preproc_with_compile --preproc_dependency="user_init/InitPWM.d_raw" --include_path="E:/vu.t.linh204.work GD/Lop Anh Tuan/Microcontroller/Code Composer Studio/Board tm4c/20P01DefaultPrj/Debug/syscfg" --obj_directory="user_init"  "../user_init/InitPWM.c"
Finished building: "../user_init/InitPWM.c"
 
Building file: "../user_init/InitSSI.c"
Invoking: ARM Compiler
"C:/ti/ccs901/ccs/tools/compiler/ti-cgt-arm_18.12.4.LTS/bin/armcl" -mv7M4 --code_state=16 --float_support=FPv4SPD16 -me --include_path="E:/vu.t.linh204.work GD/Lop Anh Tuan/Microcontroller/Code Composer Studio/Board tm4c/20P01DefaultPrj" --include_path="C:/ti/TivaWare_C_Series-2.1.4.178" --include_path="C:/ti/ccs901/ccs/tools/compiler/ti-cgt-arm_18.12.4.LTS/include" --advice:power="4" --define=ccs="ccs" --define=PART_TM4C123GH6PM -g --gcc --diag_warning=225 --diag_wrap=off --display_error_number --abi=eabi --preproc_with_compile --preproc_dependency="user_init/InitSSI.d_raw" --include_path="E:/vu.t.linh204.work GD/Lop Anh Tuan/Microcontroller/Code Composer Studio/Board tm4c/20P01DefaultPrj/Debug/syscfg" --obj_directory="user_init"  "../user_init/InitSSI.c"
Finished building: "../user_init/InitSSI.c"
 
Building file: "../user_init/InitSysCtl.c"
Invoking: ARM Compiler
"C:/ti/ccs901/ccs/tools/compiler/ti-cgt-arm_18.12.4.LTS/bin/armcl" -mv7M4 --code_state=16 --float_support=FPv4SPD16 -me --include_path="E:/vu.t.linh204.work GD/Lop Anh Tuan/Microcontroller/Code Composer Studio/Board tm4c/20P01DefaultPrj" --include_path="C:/ti/TivaWare_C_Series-2.1.4.178" --include_path="C:/ti/ccs901/ccs/tools/compiler/ti-cgt-arm_18.12.4.LTS/include" --advice:power="4" --define=ccs="ccs" --define=PART_TM4C123GH6PM -g --gcc --diag_warning=225 --diag_wrap=off --display_error_number --abi=eabi --preproc_with_compile --preproc_dependency="user_init/InitSysCtl.d_raw" --include_path="E:/vu.t.linh204.work GD/Lop Anh Tuan/Microcontroller/Code Composer Studio/Board tm4c/20P01DefaultPrj/Debug/syscfg" --obj_directory="user_init"  "../user_init/InitSysCtl.c"
Finished building: "../user_init/InitSysCtl.c"
 
Building file: "../user_init/InitSysTick.c"
Invoking: ARM Compiler
"C:/ti/ccs901/ccs/tools/compiler/ti-cgt-arm_18.12.4.LTS/bin/armcl" -mv7M4 --code_state=16 --float_support=FPv4SPD16 -me --include_path="E:/vu.t.linh204.work GD/Lop Anh Tuan/Microcontroller/Code Composer Studio/Board tm4c/20P01DefaultPrj" --include_path="C:/ti/TivaWare_C_Series-2.1.4.178" --include_path="C:/ti/ccs901/ccs/tools/compiler/ti-cgt-arm_18.12.4.LTS/include" --advice:power="4" --define=ccs="ccs" --define=PART_TM4C123GH6PM -g --gcc --diag_warning=225 --diag_wrap=off --display_error_number --abi=eabi --preproc_with_compile --preproc_dependency="user_init/InitSysTick.d_raw" --include_path="E:/vu.t.linh204.work GD/Lop Anh Tuan/Microcontroller/Code Composer Studio/Board tm4c/20P01DefaultPrj/Debug/syscfg" --obj_directory="user_init"  "../user_init/InitSysTick.c"
Finished building: "../user_init/InitSysTick.c"
 
Building file: "../user_init/InitTimer.c"
Invoking: ARM Compiler
"C:/ti/ccs901/ccs/tools/compiler/ti-cgt-arm_18.12.4.LTS/bin/armcl" -mv7M4 --code_state=16 --float_support=FPv4SPD16 -me --include_path="E:/vu.t.linh204.work GD/Lop Anh Tuan/Microcontroller/Code Composer Studio/Board tm4c/20P01DefaultPrj" --include_path="C:/ti/TivaWare_C_Series-2.1.4.178" --include_path="C:/ti/ccs901/ccs/tools/compiler/ti-cgt-arm_18.12.4.LTS/include" --advice:power="4" --define=ccs="ccs" --define=PART_TM4C123GH6PM -g --gcc --diag_warning=225 --diag_wrap=off --display_error_number --abi=eabi --preproc_with_compile --preproc_dependency="user_init/InitTimer.d_raw" --include_path="E:/vu.t.linh204.work GD/Lop Anh Tuan/Microcontroller/Code Composer Studio/Board tm4c/20P01DefaultPrj/Debug/syscfg" --obj_directory="user_init"  "../user_init/InitTimer.c"
Finished building: "../user_init/InitTimer.c"
 
Building file: "../user_init/InitUART.c"
Invoking: ARM Compiler
"C:/ti/ccs901/ccs/tools/compiler/ti-cgt-arm_18.12.4.LTS/bin/armcl" -mv7M4 --code_state=16 --float_support=FPv4SPD16 -me --include_path="E:/vu.t.linh204.work GD/Lop Anh Tuan/Microcontroller/Code Composer Studio/Board tm4c/20P01DefaultPrj" --include_path="C:/ti/TivaWare_C_Series-2.1.4.178" --include_path="C:/ti/ccs901/ccs/tools/compiler/ti-cgt-arm_18.12.4.LTS/include" --advice:power="4" --define=ccs="ccs" --define=PART_TM4C123GH6PM -g --gcc --diag_warning=225 --diag_wrap=off --display_error_number --abi=eabi --preproc_with_compile --preproc_dependency="user_init/InitUART.d_raw" --include_path="E:/vu.t.linh204.work GD/Lop Anh Tuan/Microcontroller/Code Composer Studio/Board tm4c/20P01DefaultPrj/Debug/syscfg" --obj_directory="user_init"  "../user_init/InitUART.c"
Finished building: "../user_init/InitUART.c"
 
Building file: "../user_init/delay.c"
Invoking: ARM Compiler
"C:/ti/ccs901/ccs/tools/compiler/ti-cgt-arm_18.12.4.LTS/bin/armcl" -mv7M4 --code_state=16 --float_support=FPv4SPD16 -me --include_path="E:/vu.t.linh204.work GD/Lop Anh Tuan/Microcontroller/Code Composer Studio/Board tm4c/20P01DefaultPrj" --include_path="C:/ti/TivaWare_C_Series-2.1.4.178" --include_path="C:/ti/ccs901/ccs/tools/compiler/ti-cgt-arm_18.12.4.LTS/include" --advice:power="4" --define=ccs="ccs" --define=PART_TM4C123GH6PM -g --gcc --diag_warning=225 --diag_wrap=off --display_error_number --abi=eabi --preproc_with_compile --preproc_dependency="user_init/delay.d_raw" --include_path="E:/vu.t.linh204.work GD/Lop Anh Tuan/Microcontroller/Code Composer Studio/Board tm4c/20P01DefaultPrj/Debug/syscfg" --obj_directory="user_init"  "../user_init/delay.c"
Finished building: "../user_init/delay.c"
 
Building file: "../user_init/uartstdio.c"
Invoking: ARM Compiler
"C:/ti/ccs901/ccs/tools/compiler/ti-cgt-arm_18.12.4.LTS/bin/armcl" -mv7M4 --code_state=16 --float_support=FPv4SPD16 -me --include_path="E:/vu.t.linh204.work GD/Lop Anh Tuan/Microcontroller/Code Composer Studio/Board tm4c/20P01DefaultPrj" --include_path="C:/ti/TivaWare_C_Series-2.1.4.178" --include_path="C:/ti/ccs901/ccs/tools/compiler/ti-cgt-arm_18.12.4.LTS/include" --advice:power="4" --define=ccs="ccs" --define=PART_TM4C123GH6PM -g --gcc --diag_warning=225 --diag_wrap=off --display_error_number --abi=eabi --preproc_with_compile --preproc_dependency="user_init/uartstdio.d_raw" --include_path="E:/vu.t.linh204.work GD/Lop Anh Tuan/Microcontroller/Code Composer Studio/Board tm4c/20P01DefaultPrj/Debug/syscfg" --obj_directory="user_init"  "../user_init/uartstdio.c"
Finished building: "../user_init/uartstdio.c"
 
Building target: "20P01DefaultPrj.out"
Invoking: ARM Linker
"C:/ti/ccs901/ccs/tools/compiler/ti-cgt-arm_18.12.4.LTS/bin/armcl" -mv7M4 --code_state=16 --float_support=FPv4SPD16 -me --advice:power="4" --define=ccs="ccs" --define=PART_TM4C123GH6PM -g --gcc --diag_warning=225 --diag_wrap=off --display_error_number --abi=eabi -z -m"20P01DefaultPrj.map" --heap_size=0 --stack_size=512 -i"C:/ti/ccs901/ccs/tools/compiler/ti-cgt-arm_18.12.4.LTS/lib" -i"C:/ti/ccs901/ccs/tools/compiler/ti-cgt-arm_18.12.4.LTS/include" --reread_libs --diag_wrap=off --display_error_number --warn_sections --xml_link_info="20P01DefaultPrj_linkInfo.xml" --rom_model -o "20P01DefaultPrj.out" "./syscfg/pinout.obj" "./main.obj" "./tm4c123gh6pm_startup_ccs.obj" "./user_init/InitADC.obj" "./user_init/InitFPU.obj" "./user_init/InitGPIO.obj" "./user_init/InitI2C.obj" "./user_init/InitPWM.obj" "./user_init/InitSSI.obj" "./user_init/InitSysCtl.obj" "./user_init/InitSysTick.obj" "./user_init/InitTimer.obj" "./user_init/InitUART.obj" "./user_init/delay.obj" "./user_init/uartstdio.obj" "../tm4c123gh6pm.cmd"  -llibc.a -l"C:/ti/TivaWare_C_Series-2.1.4.178/driverlib/ccs/Debug/driverlib.lib" -l"C:/ti/TivaWare_C_Series-2.1.4.178/grlib/ccs/Debug/grlib.lib" 
<Linking>
remark #10371-D: (ULP 1.1) Detected no uses of low power mode state changing instructions
Finished building target: "20P01DefaultPrj.out"
 

**** Build Finished ****
