
**** Build of configuration Debug for project GPIO_4C123 ****

"C:\\ti\\ccs901\\ccs\\utils\\bin\\gmake" -k all 
 
Building file: "../GPIO.c"
Invoking: ARM Compiler
"C:/ti/ccs901/ccs/tools/compiler/ti-cgt-arm_18.12.1.LTS/bin/armcl" -mv7M4 --code_state=16 --float_support=FPv4SPD16 --abi=eabi -me --include_path="C:/ti/ccs901/ccs/tools/compiler/ti-cgt-arm_18.12.1.LTS/include" -g --c99 --gcc --define=ccs="ccs" --define=PART_TM4C123GH6PM --diag_warning=225 --diag_wrap=off --display_error_number --c_src_interlist --asm_listing --preproc_with_compile --preproc_dependency="GPIO.d_raw"  "../GPIO.c"
 
>> Compilation failure
subdir_rules.mk:9: recipe for target 'GPIO.obj' failed
"../GPIO.c", line 35: fatal error #1965: cannot open source file "../inc/tm4c123gh6pm.h"
1 catastrophic error detected in the compilation of "../GPIO.c".
Compilation terminated.
gmake: *** [GPIO.obj] Error 1
Building file: "../SysTick.c"
Invoking: ARM Compiler
"C:/ti/ccs901/ccs/tools/compiler/ti-cgt-arm_18.12.1.LTS/bin/armcl" -mv7M4 --code_state=16 --float_support=FPv4SPD16 --abi=eabi -me --include_path="C:/ti/ccs901/ccs/tools/compiler/ti-cgt-arm_18.12.1.LTS/include" -g --c99 --gcc --define=ccs="ccs" --define=PART_TM4C123GH6PM --diag_warning=225 --diag_wrap=off --display_error_number --c_src_interlist --asm_listing --preproc_with_compile --preproc_dependency="SysTick.d_raw"  "../SysTick.c"
 
>> Compilation failure
subdir_rules.mk:9: recipe for target 'SysTick.obj' failed
"../SysTick.c", line 34: fatal error #1965: cannot open source file "../inc/tm4c123gh6pm.h"
1 catastrophic error detected in the compilation of "../SysTick.c".
Compilation terminated.
gmake: *** [SysTick.obj] Error 1
gmake: Target 'all' not remade because of errors.

**** Build Finished ****
