
**** Build of configuration Debug for project RainbowLed ****

"C:\\ti\\ccs901\\ccs\\utils\\bin\\gmake" -k -j 4 all -O 
 
Building file: "../delay.c"
Invoking: ARM Compiler
"C:/ti/ccs901/ccs/tools/compiler/ti-cgt-arm_18.12.3.LTS/bin/armcl" -mv7M4 --code_state=16 --float_support=FPv4SPD16 -me --include_path="E:/vu.t.linh204.work GD/Lop Anh Tuan/Microcontroller/Code Composer Studio/Board tm4c/RainbowLed" --include_path="C:/ti/TivaWare_C_Series-2.1.4.178" --include_path="C:/ti/ccs901/ccs/tools/compiler/ti-cgt-arm_18.12.3.LTS/include" --define=ccs="ccs" --define=TARGET_IS_TM4C123_RB1 --define=PART_TM4C123GH6PM -g --gcc --diag_warning=225 --diag_wrap=off --display_error_number --abi=eabi --preproc_with_compile --preproc_dependency="delay.d_raw"  "../delay.c"
Finished building: "../delay.c"
 
Building file: "../tm4c123gh6pm_startup_ccs.c"
Invoking: ARM Compiler
"C:/ti/ccs901/ccs/tools/compiler/ti-cgt-arm_18.12.3.LTS/bin/armcl" -mv7M4 --code_state=16 --float_support=FPv4SPD16 -me --include_path="E:/vu.t.linh204.work GD/Lop Anh Tuan/Microcontroller/Code Composer Studio/Board tm4c/RainbowLed" --include_path="C:/ti/TivaWare_C_Series-2.1.4.178" --include_path="C:/ti/ccs901/ccs/tools/compiler/ti-cgt-arm_18.12.3.LTS/include" --define=ccs="ccs" --define=TARGET_IS_TM4C123_RB1 --define=PART_TM4C123GH6PM -g --gcc --diag_warning=225 --diag_wrap=off --display_error_number --abi=eabi --preproc_with_compile --preproc_dependency="tm4c123gh6pm_startup_ccs.d_raw"  "../tm4c123gh6pm_startup_ccs.c"
Finished building: "../tm4c123gh6pm_startup_ccs.c"
 
Building file: "../main.c"
Invoking: ARM Compiler
"C:/ti/ccs901/ccs/tools/compiler/ti-cgt-arm_18.12.3.LTS/bin/armcl" -mv7M4 --code_state=16 --float_support=FPv4SPD16 -me --include_path="E:/vu.t.linh204.work GD/Lop Anh Tuan/Microcontroller/Code Composer Studio/Board tm4c/RainbowLed" --include_path="C:/ti/TivaWare_C_Series-2.1.4.178" --include_path="C:/ti/ccs901/ccs/tools/compiler/ti-cgt-arm_18.12.3.LTS/include" --define=ccs="ccs" --define=TARGET_IS_TM4C123_RB1 --define=PART_TM4C123GH6PM -g --gcc --diag_warning=225 --diag_wrap=off --display_error_number --abi=eabi --preproc_with_compile --preproc_dependency="main.d_raw"  "../main.c"
Finished building: "../main.c"
 
Building target: "RainbowLed.out"
Invoking: ARM Linker
"C:/ti/ccs901/ccs/tools/compiler/ti-cgt-arm_18.12.3.LTS/bin/armcl" -mv7M4 --code_state=16 --float_support=FPv4SPD16 -me --define=ccs="ccs" --define=TARGET_IS_TM4C123_RB1 --define=PART_TM4C123GH6PM -g --gcc --diag_warning=225 --diag_wrap=off --display_error_number --abi=eabi -z -m"RainbowLed.map" --heap_size=0 --stack_size=512 -i"C:/ti/ccs901/ccs/tools/compiler/ti-cgt-arm_18.12.3.LTS/lib" -i"C:/ti/ccs901/ccs/tools/compiler/ti-cgt-arm_18.12.3.LTS/include" --reread_libs --diag_wrap=off --display_error_number --warn_sections --xml_link_info="RainbowLed_linkInfo.xml" --rom_model -o "RainbowLed.out" "./delay.obj" "./main.obj" "./tm4c123gh6pm_startup_ccs.obj" "../tm4c123gh6pm.cmd"  -llibc.a -l"C:/ti/TivaWare_C_Series-2.1.4.178/driverlib/ccs/Debug/driverlib.lib" -l"C:/ti/TivaWare_C_Series-2.1.4.178/grlib/ccs/Debug/grlib.lib" 
<Linking>
Finished building target: "RainbowLed.out"
 

**** Build Finished ****
